2018-12-05T09:55:00.113063520Z Setting ROS_IP to host IP, which is 172.18.0.3
2018-12-05T09:55:00.123556898Z Activating ROS with shell: /bin/bash
2018-12-05T09:55:00.239723481Z Set DUCKIETOWN_ROOT to: /home/software
2018-12-05T09:55:00.239744203Z Set PYTHONPATH to: /home/software/catkin_ws/src:/opt/ros/kinetic/lib/python2.7/dist-packages
2018-12-05T09:55:00.239784289Z Activating development environment...
2018-12-05T09:55:00.597358496Z [0;37;40m         [0;5;37;47m   [0;34;40m     [0;5;37;47m  [0;34;40m  [0;5;37;47m [0;37;40m          [0m
2018-12-05T09:55:00.597384610Z [0;37;40m        [0;5;37;47m  [0;34;40m  [0;5;33;43m.....[0;34;40m   [0;5;37;47m  [0;37;40m          [0m
2018-12-05T09:55:00.597392198Z [0;37;40m       [0;5;37;47m  [0;34;40m [0;5;33;43m.........[0;34;40m [0;5;37;47m  [0;37;40m          [0m
2018-12-05T09:55:00.597397732Z [0;37;40m   [0;5;37;47m   [0;37;40m [0;5;37;47m [0;34;40m [0;5;33;43m.[0;5;37;47m [0;34;40m [0;5;33;43m..[0;5;37;47m [0;34;40m [0;5;33;43m....[0;34;40m [0;5;37;47m [0;37;40m          [0m
2018-12-05T09:55:00.597408158Z [0;37;40m  [0;5;37;47m  [0;34;40m [0;5;37;47m   [0;34;40m [0;5;33;43m.[0;5;37;47m [0;34;40m [0;5;33;43m..[0;5;37;47m [0;34;40m [0;5;33;43m.[0;5;33;41m.[0;5;33;43m..[0;34;40m [0;5;37;47m [0;37;40m   [0;5;37;47m      [0;37;40m [0m
2018-12-05T09:55:00.597415696Z [0;37;40m  [0;5;37;47m [0;34;40m [0;5;33;43m.[0;34;40m [0;5;37;47m [0;5;33;41m...........[0;5;33;43m..[0;34;40m [0;5;37;47m     [0;34;40m    [0;5;37;47m [0;37;40m [0m
2018-12-05T09:55:00.597421823Z [0;37;40m  [0;5;37;47m [0;34;40m [0;5;33;43m..[0;34;40m [0;5;37;47m    [0;5;33;41m..[0;34;40m   [0;5;33;41m..[0;5;33;43m.[0;34;40m [0;5;37;47m   [0;34;40m   [0;5;33;43m..[0;34;40m  [0;5;37;47m [0;37;40m [0m
2018-12-05T09:55:00.597428456Z [0;37;40m  [0;5;37;47m [0;34;40m [0;5;33;43m.[0;34;40m     [0;5;33;41m......[0;5;33;43m...[0;34;40m    [0;5;33;43m.....[0;34;40m [0;5;37;47m  [0;37;40m [0m
2018-12-05T09:55:00.597434244Z [0;37;40m  [0;5;37;47m [0;34;40m  [0;5;33;43m.[0;34;40m [0;5;33;43m.[0;34;40m [0;5;33;43m.......[0;34;40m   [0;5;33;43m.........[0;34;40m [0;5;37;47m [0;37;40m  [0m
2018-12-05T09:55:00.597440207Z [0;37;40m  [0;5;37;47m [0;34;40m [0;5;33;43m.[0;34;40m   [0;5;33;43m.[0;34;40m       [0;5;33;43m...[0;34;40m  [0;5;33;43m.......[0;34;40m [0;5;37;47m [0;37;40m  [0m
2018-12-05T09:55:00.597446212Z [0;37;40m  [0;5;37;47m [0;34;40m        [0;5;33;43m..........[0;34;40m [0;5;33;43m.....[0;5;33;41m.[0;34;40m [0;5;37;47m [0;37;40m  [0m
2018-12-05T09:55:00.597453331Z [0;37;40m  [0;5;37;47m [0;34;40m [0;5;37;47m [0;34;40m   [0;5;33;43m.[0;34;40m [0;5;33;43m.[0;34;40m  [0;5;33;41m........[0;34;40m [0;5;33;43m....[0;5;33;41m.[0;34;40m [0;5;37;47m  [0;37;40m  [0m
2018-12-05T09:55:00.597472305Z [0;37;40m  [0;5;37;47m  [0;34;40m [0;5;37;47m [0;34;40m [0;5;33;43m.[0;34;40m [0;5;33;43m....[0;34;40m        [0;5;33;43m....[0;5;33;41m.[0;34;40m  [0;5;37;47m [0;37;40m   [0m
2018-12-05T09:55:00.597480067Z [0;37;40m   [0;5;37;47m  [0;34;40m   [0;37;40m [0;5;33;43m.............[0;5;33;41m...[0;34;40m  [0;5;37;47m  [0;37;40m   [0m
2018-12-05T09:55:00.597486344Z [0;37;40m    [0;5;37;47m    [0;34;40m   [0;5;33;41m...........[0;34;40m   [0;5;37;47m   [0;37;40m    [0m
2018-12-05T09:55:00.597492053Z [0;37;40m       [0;5;37;47m    [0;34;40m           [0;5;37;47m    [0;37;40m      [0m
2018-12-05T09:55:00.653435050Z INFO:duckietown-challenges:duckietown-challenges 3.2.15
2018-12-05T09:55:02.310320822Z DEBUG:duckietown-challenges:[35mWritten to: /challenge-solution-output/output-solution.yaml[0m
2018-12-05T09:55:05.240017034Z INFO:duckietown-challenges:[32msolution:Graceful termination of wrap_solution().[0m
